2024年8月19日15:28:12
    项目立项并上传logfile。
    确定项目内容、项目计划、组员分工。
        ————张博闻
2024年8月20日21:33:57
    创建了个人介绍页文件夹和介绍页主界面
    添加了个人照片与小组介绍页
        ————张博闻
2024年8月21日14:48:46
    添加了个人介绍页
        ————张博闻&俞鸿彬
2024年8月21日21:32:50
   添加了网站主体和登录页
       ————邹鑫宇
        ————张博闻&于鸿彬
    添加了个人介绍页
        ————金彦彤&王智奇
2024年8月22日
    添加了个人介绍页
        ————王笑妍
2024年8月23日10:50:39
    更改了文件夹结构
        ————张博闻
2024年8月23日
   更新了网站主页面
        ————邹鑫宇
2024年8月23日18:44:41
    更改了文件结构并上传部分人物立绘
        ————张博闻
